<?xml version="1.0" encoding="UTF-8"?>
<testng-results ignored="0" total="1" passed="1" failed="0" skipped="0">
  <reporter-output>
  </reporter-output>
  <suite started-at="2024-09-16T22:30:00 IST" name="Default suite" finished-at="2024-09-16T22:30:24 IST" duration-ms="23935">
    <groups>
    </groups>
    <test started-at="2024-09-16T22:30:00 IST" name="Default test" finished-at="2024-09-16T22:30:24 IST" duration-ms="23935">
      <class name="com.fitness.mavenproject.Tortoise">
        <test-method is-config="true" signature="Launch_Browser()[pri:0, instance:com.fitness.mavenproject.Tortoise@12f9af83]" started-at="2024-09-16T22:30:00 IST" name="Launch_Browser" finished-at="2024-09-16T22:30:20 IST" duration-ms="20134" status="PASS">
          <reporter-output>
          </reporter-output>
        </test-method> <!-- Launch_Browser -->
        <test-method signature="List_Of_Data()[pri:0, instance:com.fitness.mavenproject.Tortoise@12f9af83]" started-at="2024-09-16T22:30:20 IST" name="List_Of_Data" finished-at="2024-09-16T22:30:23 IST" duration-ms="2829" status="PASS">
          <reporter-output>
          </reporter-output>
        </test-method> <!-- List_Of_Data -->
        <test-method is-config="true" signature="Close_Browser()[pri:0, instance:com.fitness.mavenproject.Tortoise@12f9af83]" started-at="2024-09-16T22:30:23 IST" name="Close_Browser" finished-at="2024-09-16T22:30:24 IST" duration-ms="482" status="PASS">
          <reporter-output>
          </reporter-output>
        </test-method> <!-- Close_Browser -->
      </class> <!-- com.fitness.mavenproject.Tortoise -->
    </test> <!-- Default test -->
  </suite> <!-- Default suite -->
</testng-results>
